kotlin version: 2.1.21
error message: java.lang.IllegalStateException: Cannot evaluate IR expression in annotation:
 STRING_CONCATENATION type=kotlin.String
  CONST String type=kotlin.String value="Authorization:key="
  ERROR_CALL 'Unresolved reference: <Unresolved name: SEND_CLOUD_MESSAGING_API_KEY>#' type=IrErrorType([Error type: Unresolved type for SEND_CLOUD_MESSAGING_API_KEY])

	at org.jetbrains.kotlin.ir.interpreter.transformer.IrConstAnnotationTransformer.transformSingleArg(IrConstAnnotationTransformer.kt:89)
	at org.jetbrains.kotlin.ir.interpreter.transformer.IrConstAnnotationTransformer.transformVarArg(IrConstAnnotationTransformer.kt:71)
	at org.jetbrains.kotlin.ir.interpreter.transformer.IrConstAnnotationTransformer.transformAnnotationArgument(IrConstAnnotationTransformer.kt:60)
	at org.jetbrains.kotlin.ir.interpreter.transformer.IrConstAnnotationTransformer.transformAnnotation(IrConstAnnotationTransformer.kt:52)
	at org.jetbrains.kotlin.ir.interpreter.transformer.IrConstAnnotationTransformer.transformAnnotations(IrConstAnnotationTransformer.kt:43)
	at org.jetbrains.kotlin.ir.interpreter.transformer.IrConstDeclarationAnnotationTransformer$visitAnnotations$1.visitDeclaration(IrConstDeclarationAnnotationTransformer.kt:30)
	at org.jetbrains.kotlin.ir.visitors.IrElementVisitorVoid$DefaultImpls.visitFunction(IrElementVisitorVoid.kt:83)
	at org.jetbrains.kotlin.ir.interpreter.transformer.IrConstDeclarationAnnotationTransformer$visitAnnotations$1.visitFunction(IrConstDeclarationAnnotationTransformer.kt:18)
	at org.jetbrains.kotlin.ir.visitors.IrElementVisitorVoid$DefaultImpls.visitSimpleFunction(IrElementVisitorVoid.kt:163)
	at org.jetbrains.kotlin.ir.interpreter.transformer.IrConstDeclarationAnnotationTransformer$visitAnnotations$1.visitSimpleFunction(IrConstDeclarationAnnotationTransformer.kt:18)
	at org.jetbrains.kotlin.ir.visitors.IrElementVisitorVoid$DefaultImpls.visitSimpleFunction(IrElementVisitorVoid.kt:159)
	at org.jetbrains.kotlin.ir.interpreter.transformer.IrConstDeclarationAnnotationTransformer$visitAnnotations$1.visitSimpleFunction(IrConstDeclarationAnnotationTransformer.kt:18)
	at org.jetbrains.kotlin.ir.interpreter.transformer.IrConstDeclarationAnnotationTransformer$visitAnnotations$1.visitSimpleFunction(IrConstDeclarationAnnotationTransformer.kt:18)
	at org.jetbrains.kotlin.ir.declarations.IrSimpleFunction.accept(IrSimpleFunction.kt:39)
	at org.jetbrains.kotlin.ir.declarations.IrClass.acceptChildren(IrClass.kt:76)
	at org.jetbrains.kotlin.ir.visitors.IrVisitorsKt.acceptChildrenVoid(IrVisitors.kt:19)
	at org.jetbrains.kotlin.ir.interpreter.transformer.IrConstDeclarationAnnotationTransformer$visitAnnotations$1.visitElement(IrConstDeclarationAnnotationTransformer.kt:20)
	at org.jetbrains.kotlin.ir.visitors.IrElementVisitorVoid$DefaultImpls.visitDeclaration(IrElementVisitorVoid.kt:43)
	at org.jetbrains.kotlin.ir.interpreter.transformer.IrConstDeclarationAnnotationTransformer$visitAnnotations$1.visitDeclaration(IrConstDeclarationAnnotationTransformer.kt:31)
	at org.jetbrains.kotlin.ir.visitors.IrElementVisitorVoid$DefaultImpls.visitClass(IrElementVisitorVoid.kt:59)
	at org.jetbrains.kotlin.ir.interpreter.transformer.IrConstDeclarationAnnotationTransformer$visitAnnotations$1.visitClass(IrConstDeclarationAnnotationTransformer.kt:18)
	at org.jetbrains.kotlin.ir.visitors.IrElementVisitorVoid$DefaultImpls.visitClass(IrElementVisitorVoid.kt:55)
	at org.jetbrains.kotlin.ir.interpreter.transformer.IrConstDeclarationAnnotationTransformer$visitAnnotations$1.visitClass(IrConstDeclarationAnnotationTransformer.kt:18)
	at org.jetbrains.kotlin.ir.interpreter.transformer.IrConstDeclarationAnnotationTransformer$visitAnnotations$1.visitClass(IrConstDeclarationAnnotationTransformer.kt:18)
	at org.jetbrains.kotlin.ir.declarations.IrClass.accept(IrClass.kt:72)
	at org.jetbrains.kotlin.ir.declarations.IrFile.acceptChildren(IrFile.kt:34)
	at org.jetbrains.kotlin.ir.visitors.IrVisitorsKt.acceptChildrenVoid(IrVisitors.kt:19)
	at org.jetbrains.kotlin.ir.interpreter.transformer.IrConstDeclarationAnnotationTransformer$visitAnnotations$1.visitElement(IrConstDeclarationAnnotationTransformer.kt:20)
	at org.jetbrains.kotlin.ir.visitors.IrElementVisitorVoid$DefaultImpls.visitPackageFragment(IrElementVisitorVoid.kt:187)
	at org.jetbrains.kotlin.ir.interpreter.transformer.IrConstDeclarationAnnotationTransformer$visitAnnotations$1.visitPackageFragment(IrConstDeclarationAnnotationTransformer.kt:18)
	at org.jetbrains.kotlin.ir.visitors.IrElementVisitorVoid$DefaultImpls.visitFile(IrElementVisitorVoid.kt:203)
	at org.jetbrains.kotlin.ir.interpreter.transformer.IrConstDeclarationAnnotationTransformer$visitAnnotations$1.visitFile(IrConstDeclarationAnnotationTransformer.kt:25)
	at org.jetbrains.kotlin.ir.visitors.IrElementVisitorVoid$DefaultImpls.visitFile(IrElementVisitorVoid.kt:199)
	at org.jetbrains.kotlin.ir.interpreter.transformer.IrConstDeclarationAnnotationTransformer$visitAnnotations$1.visitFile(IrConstDeclarationAnnotationTransformer.kt:18)
	at org.jetbrains.kotlin.ir.interpreter.transformer.IrConstDeclarationAnnotationTransformer$visitAnnotations$1.visitFile(IrConstDeclarationAnnotationTransformer.kt:18)
	at org.jetbrains.kotlin.ir.declarations.IrFile.accept(IrFile.kt:28)
	at org.jetbrains.kotlin.ir.visitors.IrVisitorsKt.acceptVoid(IrVisitors.kt:14)
	at org.jetbrains.kotlin.ir.interpreter.transformer.IrConstDeclarationAnnotationTransformer.visitAnnotations(IrConstDeclarationAnnotationTransformer.kt:18)
	at org.jetbrains.kotlin.ir.interpreter.transformer.IrConstTransformerKt.transformConst(IrConstTransformer.kt:55)
	at org.jetbrains.kotlin.ir.interpreter.transformer.IrConstTransformerKt.transformConst$default(IrConstTransformer.kt:26)
	at org.jetbrains.kotlin.fir.backend.Fir2IrConverter$Companion.evaluateConstants(Fir2IrConverter.kt:626)
	at org.jetbrains.kotlin.fir.pipeline.Fir2IrPipeline.evaluateConstants(convertToIr.kt:329)
	at org.jetbrains.kotlin.fir.pipeline.Fir2IrPipeline.runActualizationPipeline(convertToIr.kt:232)
	at org.jetbrains.kotlin.fir.pipeline.Fir2IrPipeline.convertToIrAndActualize(convertToIr.kt:130)
	at org.jetbrains.kotlin.fir.pipeline.ConvertToIrKt.convertToIrAndActualize(convertToIr.kt:100)
	at org.jetbrains.kotlin.fir.pipeline.ConvertToIrKt.convertToIrAndActualize$default(convertToIr.kt:75)
	at org.jetbrains.kotlin.cli.jvm.compiler.legacy.pipeline.JvmCompilerPipelineKt.convertToIrAndActualizeForJvm(jvmCompilerPipeline.kt:108)
	at org.jetbrains.kotlin.cli.jvm.compiler.legacy.pipeline.JvmCompilerPipelineKt.convertAnalyzedFirToIr(jvmCompilerPipeline.kt:81)
	at org.jetbrains.kotlin.kapt4.FirKaptAnalysisHandlerExtension.contextForStubGeneration(FirKaptAnalysisHandlerExtension.kt:230)
	at org.jetbrains.kotlin.kapt4.FirKaptAnalysisHandlerExtension.doAnalysis(FirKaptAnalysisHandlerExtension.kt:126)
	at org.jetbrains.kotlin.fir.extensions.FirAnalysisHandlerExtension$Companion.analyze(FirAnalysisHandlerExtension.kt:29)
	at org.jetbrains.kotlin.cli.pipeline.jvm.JvmFrontendPipelinePhase.executePhase(JvmFrontendPipelinePhase.kt:76)
	at org.jetbrains.kotlin.cli.pipeline.jvm.JvmFrontendPipelinePhase.executePhase(JvmFrontendPipelinePhase.kt:56)
	at org.jetbrains.kotlin.cli.pipeline.PipelinePhase.phaseBody(PipelinePhase.kt:68)
	at org.jetbrains.kotlin.cli.pipeline.PipelinePhase.phaseBody(PipelinePhase.kt:58)
	at org.jetbrains.kotlin.config.phaser.SimpleNamedCompilerPhase.phaseBody(CompilerPhase.kt:215)
	at org.jetbrains.kotlin.config.phaser.NamedCompilerPhase.invoke(CompilerPhase.kt:111)
	at org.jetbrains.kotlin.backend.common.phaser.CompositePhase.invoke(PhaseBuilders.kt:28)
	at org.jetbrains.kotlin.config.phaser.CompilerPhaseKt.invokeToplevel(CompilerPhase.kt:62)
	at org.jetbrains.kotlin.cli.pipeline.AbstractCliPipeline.runPhasedPipeline(AbstractCliPipeline.kt:106)
	at org.jetbrains.kotlin.cli.pipeline.AbstractCliPipeline.execute(AbstractCliPipeline.kt:65)
	at org.jetbrains.kotlin.cli.jvm.K2JVMCompiler.doExecutePhased(K2JVMCompiler.kt:61)
	at org.jetbrains.kotlin.cli.jvm.K2JVMCompiler.doExecutePhased(K2JVMCompiler.kt:36)
	at org.jetbrains.kotlin.cli.common.CLICompiler.execImpl(CLICompiler.kt:80)
	at org.jetbrains.kotlin.cli.common.CLICompiler.exec(CLICompiler.kt:337)
	at org.jetbrains.kotlin.incremental.IncrementalJvmCompilerRunner.runCompiler(IncrementalJvmCompilerRunner.kt:466)
	at org.jetbrains.kotlin.incremental.IncrementalJvmCompilerRunner.runCompiler(IncrementalJvmCompilerRunner.kt:75)
	at org.jetbrains.kotlin.incremental.IncrementalCompilerRunner.doCompile(IncrementalCompilerRunner.kt:514)
	at org.jetbrains.kotlin.incremental.IncrementalCompilerRunner.compileImpl(IncrementalCompilerRunner.kt:431)
	at org.jetbrains.kotlin.incremental.IncrementalCompilerRunner.tryCompileIncrementally$lambda$10$compile(IncrementalCompilerRunner.kt:258)
	at org.jetbrains.kotlin.incremental.IncrementalCompilerRunner.tryCompileIncrementally(IncrementalCompilerRunner.kt:276)
	at org.jetbrains.kotlin.incremental.IncrementalCompilerRunner.compile(IncrementalCompilerRunner.kt:128)
	at org.jetbrains.kotlin.daemon.CompileServiceImplBase.execIncrementalCompiler(CompileServiceImpl.kt:678)
	at org.jetbrains.kotlin.daemon.CompileServiceImplBase.access$execIncrementalCompiler(CompileServiceImpl.kt:92)
	at org.jetbrains.kotlin.daemon.CompileServiceImpl.compile(CompileServiceImpl.kt:1805)
	at java.base/jdk.internal.reflect.DirectMethodHandleAccessor.invoke(Unknown Source)
	at java.base/java.lang.reflect.Method.invoke(Unknown Source)
	at java.rmi/sun.rmi.server.UnicastServerRef.dispatch(Unknown Source)
	at java.rmi/sun.rmi.transport.Transport$1.run(Unknown Source)
	at java.rmi/sun.rmi.transport.Transport$1.run(Unknown Source)
	at java.base/java.security.AccessController.doPrivileged(Unknown Source)
	at java.rmi/sun.rmi.transport.Transport.serviceCall(Unknown Source)
	at java.rmi/sun.rmi.transport.tcp.TCPTransport.handleMessages(Unknown Source)
	at java.rmi/sun.rmi.transport.tcp.TCPTransport$ConnectionHandler.run0(Unknown Source)
	at java.rmi/sun.rmi.transport.tcp.TCPTransport$ConnectionHandler.lambda$run$0(Unknown Source)
	at java.base/java.security.AccessController.doPrivileged(Unknown Source)
	at java.rmi/sun.rmi.transport.tcp.TCPTransport$ConnectionHandler.run(Unknown Source)
	at java.base/java.util.concurrent.ThreadPoolExecutor.runWorker(Unknown Source)
	at java.base/java.util.concurrent.ThreadPoolExecutor$Worker.run(Unknown Source)
	at java.base/java.lang.Thread.run(Unknown Source)


